# JRE version: Java(TM) SE Runtime Environment (17.0.15+9) (build 17.0.15+9-LTS-241)
# Java VM: Java HotSpot(TM) 64-Bit Server VM (17.0.15+9-LTS-241, mixed mode, emulated-client, sharing, tiered, compressed oops, compressed class ptrs, g1 gc, windows-amd64)
GC Precious Log:
 CPUs: 8 total, 8 available
 Memory: 11982M
 Large Page Support: Disabled
 NUMA Support: Disabled
 Compressed Oops: Enabled (Zero based)
 Heap Region Size: 2M
 Heap Min Capacity: 8M
 Heap Initial Capacity: 188M
 Heap Max Capacity: 2996M
 Pre-touch: Disabled
 Parallel Workers: 8
 Concurrent Workers: 2
 Concurrent Refinement Workers: 8
 Periodic GC: Disabled
Heap:
 garbage-first heap   total 198656K, used 94214K [0x0000000744c00000, 0x0000000800000000)
  region size 2048K, 3 young (6144K), 3 survivors (6144K)
 Metaspace       used 74661K, committed 75200K, reserved 1114112K
  class space    used 11355K, committed 11584K, reserved 1048576K
GC Heap History (20 events):
Event: 9.963 GC heap after
{Heap after GC invocations=14 (full 0):
 garbage-first heap   total 90112K, used 25692K [0x0000000744c00000, 0x0000000800000000)
  region size 2048K, 1 young (2048K), 1 survivors (2048K)
 Metaspace       used 59864K, committed 60416K, reserved 1114112K
  class space    used 8723K, committed 9024K, reserved 1048576K
}
Event: 11.232 GC heap before
{Heap before GC invocations=15 (full 0):
 garbage-first heap   total 90112K, used 68700K [0x0000000744c00000, 0x0000000800000000)
  region size 2048K, 22 young (45056K), 1 survivors (2048K)
 Metaspace       used 66913K, committed 67456K, reserved 1114112K
  class space    used 9923K, committed 10176K, reserved 1048576K
}
Event: 11.238 GC heap after
{Heap after GC invocations=16 (full 0):
 garbage-first heap   total 90112K, used 28913K [0x0000000744c00000, 0x0000000800000000)
  region size 2048K, 3 young (6144K), 3 survivors (6144K)
 Metaspace       used 66913K, committed 67456K, reserved 1114112K
  class space    used 9923K, committed 10176K, reserved 1048576K
}
Event: 11.464 GC heap before
{Heap before GC invocations=16 (full 0):
 garbage-first heap   total 90112K, used 67825K [0x0000000744c00000, 0x0000000800000000)
  region size 2048K, 22 young (45056K), 3 survivors (6144K)
 Metaspace       used 66943K, committed 67520K, reserved 1114112K
  class space    used 9927K, committed 10176K, reserved 1048576K
}
Event: 11.476 GC heap after
{Heap after GC invocations=17 (full 0):
 garbage-first heap   total 90112K, used 38652K [0x0000000744c00000, 0x0000000800000000)
  region size 2048K, 3 young (6144K), 3 survivors (6144K)
 Metaspace       used 66943K, committed 67520K, reserved 1114112K
  class space    used 9927K, committed 10176K, reserved 1048576K
}
Event: 11.647 GC heap before
{Heap before GC invocations=17 (full 0):
 garbage-first heap   total 90112K, used 65276K [0x0000000744c00000, 0x0000000800000000)
  region size 2048K, 16 young (32768K), 3 survivors (6144K)
 Metaspace       used 66943K, committed 67520K, reserved 1114112K
  class space    used 9927K, committed 10176K, reserved 1048576K
}
Event: 11.659 GC heap after
{Heap after GC invocations=18 (full 0):
 garbage-first heap   total 90112K, used 48217K [0x0000000744c00000, 0x0000000800000000)
  region size 2048K, 2 young (4096K), 2 survivors (4096K)
 Metaspace       used 66943K, committed 67520K, reserved 1114112K
  class space    used 9927K, committed 10176K, reserved 1048576K
}
Event: 11.770 GC heap before
{Heap before GC invocations=18 (full 0):
 garbage-first heap   total 90112K, used 64601K [0x0000000744c00000, 0x0000000800000000)
  region size 2048K, 10 young (20480K), 2 survivors (4096K)
 Metaspace       used 66943K, committed 67520K, reserved 1114112K
  class space    used 9927K, committed 10176K, reserved 1048576K
}
Event: 11.777 GC heap after
{Heap after GC invocations=19 (full 0):
 garbage-first heap   total 90112K, used 52864K [0x0000000744c00000, 0x0000000800000000)
  region size 2048K, 2 young (4096K), 2 survivors (4096K)
 Metaspace       used 66943K, committed 67520K, reserved 1114112K
  class space    used 9927K, committed 10176K, reserved 1048576K
}
Event: 11.875 GC heap before
{Heap before GC invocations=19 (full 0):
 garbage-first heap   total 116736K, used 67200K [0x0000000744c00000, 0x0000000800000000)
  region size 2048K, 9 young (18432K), 2 survivors (4096K)
 Metaspace       used 66949K, committed 67520K, reserved 1114112K
  class space    used 9929K, committed 10176K, reserved 1048576K
}
Event: 11.881 GC heap after
{Heap after GC invocations=20 (full 0):
 garbage-first heap   total 198656K, used 53777K [0x0000000744c00000, 0x0000000800000000)
  region size 2048K, 1 young (2048K), 1 survivors (2048K)
 Metaspace       used 66949K, committed 67520K, reserved 1114112K
  class space    used 9929K, committed 10176K, reserved 1048576K
}
Event: 12.331 GC heap before
{Heap before GC invocations=21 (full 0):
 garbage-first heap   total 198656K, used 125457K [0x0000000744c00000, 0x0000000800000000)
  region size 2048K, 36 young (73728K), 1 survivors (2048K)
 Metaspace       used 66949K, committed 67520K, reserved 1114112K
  class space    used 9929K, committed 10176K, reserved 1048576K
}
Event: 12.343 GC heap after
{Heap after GC invocations=22 (full 0):
 garbage-first heap   total 198656K, used 64996K [0x0000000744c00000, 0x0000000800000000)
  region size 2048K, 5 young (10240K), 5 survivors (10240K)
 Metaspace       used 66949K, committed 67520K, reserved 1114112K
  class space    used 9929K, committed 10176K, reserved 1048576K
}
Event: 12.348 GC heap before
{Heap before GC invocations=22 (full 0):
 garbage-first heap   total 198656K, used 67044K [0x0000000744c00000, 0x0000000800000000)
  region size 2048K, 6 young (12288K), 5 survivors (10240K)
 Metaspace       used 66949K, committed 67520K, reserved 1114112K
  class space    used 9929K, committed 10176K, reserved 1048576K
}
Event: 12.357 GC heap after
{Heap after GC invocations=23 (full 0):
 garbage-first heap   total 198656K, used 66116K [0x0000000744c00000, 0x0000000800000000)
  region size 2048K, 1 young (2048K), 1 survivors (2048K)
 Metaspace       used 66949K, committed 67520K, reserved 1114112K
  class space    used 9929K, committed 10176K, reserved 1048576K
}
Event: 12.885 GC heap before
{Heap before GC invocations=23 (full 0):
 garbage-first heap   total 198656K, used 141892K [0x0000000744c00000, 0x0000000800000000)
  region size 2048K, 38 young (77824K), 1 survivors (2048K)
 Metaspace       used 68812K, committed 69376K, reserved 1114112K
  class space    used 10363K, committed 10624K, reserved 1048576K
}
Event: 12.900 GC heap after
{Heap after GC invocations=24 (full 0):
 garbage-first heap   total 198656K, used 78690K [0x0000000744c00000, 0x0000000800000000)
  region size 2048K, 5 young (10240K), 5 survivors (10240K)
 Metaspace       used 68812K, committed 69376K, reserved 1114112K
  class space    used 10363K, committed 10624K, reserved 1048576K
}
Event: 13.211 GC heap before
{Heap before GC invocations=24 (full 0):
 garbage-first heap   total 198656K, used 140130K [0x0000000744c00000, 0x0000000800000000)
  region size 2048K, 35 young (71680K), 5 survivors (10240K)
 Metaspace       used 68816K, committed 69376K, reserved 1114112K
  class space    used 10363K, committed 10624K, reserved 1048576K
}
Event: 13.226 GC heap after
{Heap after GC invocations=25 (full 0):
 garbage-first heap   total 198656K, used 89108K [0x0000000744c00000, 0x0000000800000000)
  region size 2048K, 5 young (10240K), 5 survivors (10240K)
 Metaspace       used 68816K, committed 69376K, reserved 1114112K
  class space    used 10363K, committed 10624K, reserved 1048576K
}
Event: 14.668 GC heap before
{Heap before GC invocations=25 (full 0):
 garbage-first heap   total 198656K, used 144404K [0x0000000744c00000, 0x0000000800000000)
  region size 2048K, 32 young (65536K), 5 survivors (10240K)
 Metaspace       used 74661K, committed 75200K, reserved 1114112K
  class space    used 11355K, committed 11584K, reserved 1048576K
}

